<?xml version="1.0" encoding="UTF-8"?>
<!-- Generated by org.testng.reporters.JUnitReportReporter -->
<testsuite skipped="0" hostname="DESKTOP-EHNC13A" name="res.cs.dao.OrderDAOTest" tests="11" failures="0" timestamp="31 Dec 2017 05:36:21 GMT" time="1.264" errors="0">
  <testcase name="createOrderTest" time="0.162" classname="res.cs.dao.OrderDAOTest"/>
  <testcase name="deletReviewTest" time="0.028" classname="res.cs.dao.OrderDAOTest"/>
  <testcase name="getAllOrdersTest" time="0.026" classname="res.cs.dao.OrderDAOTest"/>
  <testcase name="createOrderTest" time="0.711" classname="res.cs.dao.OrderDAOTest"/>
  <testcase name="getAllOrdersTest" time="0.025" classname="res.cs.dao.OrderDAOTest"/>
  <testcase name="createOrderTest" time="0.129" classname="res.cs.dao.OrderDAOTest"/>
  <testcase name="deletReviewTest" time="0.053" classname="res.cs.dao.OrderDAOTest"/>
  <testcase name="getAllOrdersTest" time="0.052" classname="res.cs.dao.OrderDAOTest"/>
  <testcase name="getOrdersByUserTest" time="0.027" classname="res.cs.dao.OrderDAOTest"/>
  <testcase name="getOrdersByUserTest" time="0.024" classname="res.cs.dao.OrderDAOTest"/>
  <testcase name="getOrdersByUserTest" time="0.027" classname="res.cs.dao.OrderDAOTest"/>
</testsuite> <!-- res.cs.dao.OrderDAOTest -->
