<?xml version="1.0" encoding="UTF-8"?>
<!-- Generated by org.testng.reporters.JUnitReportReporter -->
<testsuite skipped="0" hostname="DESKTOP-EHNC13A" name="res.cs.dao.ItemDAOTest" tests="6" failures="0" timestamp="30 Dec 2017 17:54:19 GMT" time="0.797" errors="0">
  <testcase name="createItemTest" time="0.069" classname="res.cs.dao.ItemDAOTest"/>
  <testcase name="getItemTest" time="0.054" classname="res.cs.dao.ItemDAOTest"/>
  <testcase name="createItemTest" time="0.564" classname="res.cs.dao.ItemDAOTest"/>
  <testcase name="createItemTest" time="0.027" classname="res.cs.dao.ItemDAOTest"/>
  <testcase name="getItemTest" time="0.057" classname="res.cs.dao.ItemDAOTest"/>
  <testcase name="getItemTest" time="0.026" classname="res.cs.dao.ItemDAOTest"/>
</testsuite> <!-- res.cs.dao.ItemDAOTest -->
