<?xml version="1.0" encoding="UTF-8"?>
<!-- Generated by org.testng.reporters.JUnitReportReporter -->
<testsuite skipped="0" hostname="DESKTOP-EHNC13A" name="res.cs.dao.PaymentDAOTest" tests="5" failures="0" timestamp="03 Jan 2018 20:19:31 GMT" time="0.747" errors="0">
  <testcase name="createPaymentTest" time="0.156" classname="res.cs.dao.PaymentDAOTest"/>
  <testcase name="deletePaymentTest" time="0.210" classname="res.cs.dao.PaymentDAOTest"/>
  <testcase name="createPaymentTest" time="0.117" classname="res.cs.dao.PaymentDAOTest"/>
  <testcase name="createPaymentTest" time="0.149" classname="res.cs.dao.PaymentDAOTest"/>
  <testcase name="deletePaymentTest" time="0.115" classname="res.cs.dao.PaymentDAOTest"/>
</testsuite> <!-- res.cs.dao.PaymentDAOTest -->
