<?xml version="1.0" encoding="UTF-8"?>
<!-- Generated by org.testng.reporters.JUnitReportReporter -->
<testsuite skipped="0" hostname="DESKTOP-EHNC13A" name="res.cs.dao.UserDAOTest" tests="14" failures="0" timestamp="26 Dec 2017 19:55:49 GMT" time="1.348" errors="0">
  <testcase name="voidUserTest" time="0.033" classname="res.cs.dao.UserDAOTest"/>
  <testcase name="createUserTest" time="0.026" classname="res.cs.dao.UserDAOTest"/>
  <testcase name="createUserTest" time="0.573" classname="res.cs.dao.UserDAOTest"/>
  <testcase name="getUserTest" time="0.078" classname="res.cs.dao.UserDAOTest"/>
  <testcase name="createUserTest" time="0.067" classname="res.cs.dao.UserDAOTest"/>
  <testcase name="getUserTest" time="0.083" classname="res.cs.dao.UserDAOTest"/>
  <testcase name="getAllUsersTest" time="0.026" classname="res.cs.dao.UserDAOTest"/>
  <testcase name="voidUserTest" time="0.033" classname="res.cs.dao.UserDAOTest"/>
  <testcase name="getUserTest" time="0.082" classname="res.cs.dao.UserDAOTest"/>
  <testcase name="getAllUsersTest" time="0.025" classname="res.cs.dao.UserDAOTest"/>
  <testcase name="getAllUsersTest" time="0.061" classname="res.cs.dao.UserDAOTest"/>
  <testcase name="getAllUsersTest" time="0.026" classname="res.cs.dao.UserDAOTest"/>
  <testcase name="updateUserTest" time="0.144" classname="res.cs.dao.UserDAOTest"/>
  <testcase name="updateUserTest" time="0.091" classname="res.cs.dao.UserDAOTest"/>
</testsuite> <!-- res.cs.dao.UserDAOTest -->
