<?xml version="1.0" encoding="UTF-8"?>
<!-- Generated by org.testng.reporters.JUnitReportReporter -->
<testsuite skipped="0" hostname="DESKTOP-EHNC13A" name="res.cs.dao.StoreDAOTest" tests="15" failures="0" timestamp="30 Dec 2017 05:10:08 GMT" time="1.430" errors="0">
  <testcase name="getStoreTest" time="0.075" classname="res.cs.dao.StoreDAOTest"/>
  <testcase name="deleteStoreTest" time="0.048" classname="res.cs.dao.StoreDAOTest"/>
  <testcase name="updateStoreTest" time="0.046" classname="res.cs.dao.StoreDAOTest"/>
  <testcase name="deleteStoreTest" time="0.024" classname="res.cs.dao.StoreDAOTest"/>
  <testcase name="createUserTest" time="0.570" classname="res.cs.dao.StoreDAOTest"/>
  <testcase name="createUserTest" time="0.066" classname="res.cs.dao.StoreDAOTest"/>
  <testcase name="getAllStoresTest" time="0.070" classname="res.cs.dao.StoreDAOTest"/>
  <testcase name="createUserTest" time="0.040" classname="res.cs.dao.StoreDAOTest"/>
  <testcase name="getAllStoresTest" time="0.070" classname="res.cs.dao.StoreDAOTest"/>
  <testcase name="getAllStoresTest" time="0.078" classname="res.cs.dao.StoreDAOTest"/>
  <testcase name="getStoreTest" time="0.086" classname="res.cs.dao.StoreDAOTest"/>
  <testcase name="getAllStoresTest" time="0.064" classname="res.cs.dao.StoreDAOTest"/>
  <testcase name="getStoreTest" time="0.044" classname="res.cs.dao.StoreDAOTest"/>
  <testcase name="updateStoreTest" time="0.075" classname="res.cs.dao.StoreDAOTest"/>
  <testcase name="updateStoreTest" time="0.074" classname="res.cs.dao.StoreDAOTest"/>
</testsuite> <!-- res.cs.dao.StoreDAOTest -->
