<?xml version="1.0" encoding="UTF-8"?>
<!-- Generated by org.testng.reporters.JUnitReportReporter -->
<testsuite skipped="0" hostname="DESKTOP-EHNC13A" name="res.cs.dao.OrderDAOTest" tests="11" failures="0" timestamp="20 Jan 2018 04:49:08 GMT" time="2.335" errors="0">
  <testcase name="deletOrderTest" time="0.022" classname="res.cs.dao.OrderDAOTest"/>
  <testcase name="getAllOrdersTest" time="0.023" classname="res.cs.dao.OrderDAOTest"/>
  <testcase name="createOrderTest" time="0.134" classname="res.cs.dao.OrderDAOTest"/>
  <testcase name="getOrdersByUserTest" time="0.774" classname="res.cs.dao.OrderDAOTest"/>
  <testcase name="getAllOrdersTest" time="0.024" classname="res.cs.dao.OrderDAOTest"/>
  <testcase name="createOrderTest" time="0.087" classname="res.cs.dao.OrderDAOTest"/>
  <testcase name="createOrderTest" time="0.159" classname="res.cs.dao.OrderDAOTest"/>
  <testcase name="getOrdersByUserTest" time="0.316" classname="res.cs.dao.OrderDAOTest"/>
  <testcase name="getAllOrdersTest" time="0.043" classname="res.cs.dao.OrderDAOTest"/>
  <testcase name="deletOrderTest" time="0.023" classname="res.cs.dao.OrderDAOTest"/>
  <testcase name="getOrdersByUserTest" time="0.730" classname="res.cs.dao.OrderDAOTest"/>
</testsuite> <!-- res.cs.dao.OrderDAOTest -->
