<?xml version="1.0" encoding="UTF-8"?>
<!-- Generated by org.testng.reporters.JUnitReportReporter -->
<testsuite skipped="0" hostname="DESKTOP-EHNC13A" name="res.cs.dao.PaymentDAOTest" tests="5" failures="0" timestamp="28 Jan 2018 06:09:44 GMT" time="0.188" errors="0">
  <testcase name="deletePaymentTest" time="0.024" classname="res.cs.dao.PaymentDAOTest"/>
  <testcase name="createPaymentTest" time="0.046" classname="res.cs.dao.PaymentDAOTest"/>
  <testcase name="createPaymentTest" time="0.044" classname="res.cs.dao.PaymentDAOTest"/>
  <testcase name="createPaymentTest" time="0.051" classname="res.cs.dao.PaymentDAOTest"/>
  <testcase name="deletePaymentTest" time="0.023" classname="res.cs.dao.PaymentDAOTest"/>
</testsuite> <!-- res.cs.dao.PaymentDAOTest -->
