<?xml version="1.0" encoding="UTF-8"?>
<!-- Generated by org.testng.reporters.JUnitReportReporter -->
<testsuite skipped="0" hostname="DESKTOP-EHNC13A" name="res.cs.dao.PaymentDAOTest" tests="5" failures="0" timestamp="19 Jan 2018 02:54:38 GMT" time="0.318" errors="0">
  <testcase name="createPaymentTest" time="0.024" classname="res.cs.dao.PaymentDAOTest"/>
  <testcase name="createPaymentTest" time="0.083" classname="res.cs.dao.PaymentDAOTest"/>
  <testcase name="deletePaymentTest" time="0.059" classname="res.cs.dao.PaymentDAOTest"/>
  <testcase name="createPaymentTest" time="0.103" classname="res.cs.dao.PaymentDAOTest"/>
  <testcase name="deletePaymentTest" time="0.049" classname="res.cs.dao.PaymentDAOTest"/>
</testsuite> <!-- res.cs.dao.PaymentDAOTest -->
