<?xml version="1.0" encoding="UTF-8"?>
<!-- Generated by org.testng.reporters.JUnitReportReporter -->
<testsuite skipped="0" hostname="DESKTOP-EHNC13A" name="res.cs.dao.StoreDAOTest" tests="15" failures="0" timestamp="02 Jan 2018 01:15:51 GMT" time="0.590" errors="0">
  <testcase name="deleteStoreTest" time="0.023" classname="res.cs.dao.StoreDAOTest"/>
  <testcase name="updateStoreTest" time="0.046" classname="res.cs.dao.StoreDAOTest"/>
  <testcase name="getStoreTest" time="0.022" classname="res.cs.dao.StoreDAOTest"/>
  <testcase name="createUserTest" time="0.047" classname="res.cs.dao.StoreDAOTest"/>
  <testcase name="createUserTest" time="0.053" classname="res.cs.dao.StoreDAOTest"/>
  <testcase name="deleteStoreTest" time="0.047" classname="res.cs.dao.StoreDAOTest"/>
  <testcase name="getAllStoresTest" time="0.025" classname="res.cs.dao.StoreDAOTest"/>
  <testcase name="createUserTest" time="0.029" classname="res.cs.dao.StoreDAOTest"/>
  <testcase name="updateStoreTest" time="0.067" classname="res.cs.dao.StoreDAOTest"/>
  <testcase name="getAllStoresTest" time="0.026" classname="res.cs.dao.StoreDAOTest"/>
  <testcase name="updateStoreTest" time="0.072" classname="res.cs.dao.StoreDAOTest"/>
  <testcase name="getStoreTest" time="0.026" classname="res.cs.dao.StoreDAOTest"/>
  <testcase name="getStoreTest" time="0.057" classname="res.cs.dao.StoreDAOTest"/>
  <testcase name="getAllStoresTest" time="0.023" classname="res.cs.dao.StoreDAOTest"/>
  <testcase name="getAllStoresTest" time="0.027" classname="res.cs.dao.StoreDAOTest"/>
</testsuite> <!-- res.cs.dao.StoreDAOTest -->
