<?xml version="1.0" encoding="UTF-8"?>
<!-- Generated by org.testng.reporters.JUnitReportReporter -->
<testsuite skipped="0" hostname="DESKTOP-EHNC13A" name="res.cs.dao.UserDAOTest" tests="17" failures="0" timestamp="19 Jan 2018 02:54:38 GMT" time="1.364" errors="0">
  <testcase name="getUserTest" time="0.029" classname="res.cs.dao.UserDAOTest"/>
  <testcase name="createUserTest" time="0.040" classname="res.cs.dao.UserDAOTest"/>
  <testcase name="updateUserTest" time="0.083" classname="res.cs.dao.UserDAOTest"/>
  <testcase name="getAllUsersTest" time="0.037" classname="res.cs.dao.UserDAOTest"/>
  <testcase name="getUserTest" time="0.028" classname="res.cs.dao.UserDAOTest"/>
  <testcase name="getAllUsersTest" time="0.057" classname="res.cs.dao.UserDAOTest"/>
  <testcase name="loginUserTest" time="0.050" classname="res.cs.dao.UserDAOTest"/>
  <testcase name="getUserTest" time="0.058" classname="res.cs.dao.UserDAOTest"/>
  <testcase name="createUserTest" time="0.669" classname="res.cs.dao.UserDAOTest"/>
  <testcase name="getAllUsersTest" time="0.025" classname="res.cs.dao.UserDAOTest"/>
  <testcase name="updateUserTest" time="0.067" classname="res.cs.dao.UserDAOTest"/>
  <testcase name="voidUserTest" time="0.033" classname="res.cs.dao.UserDAOTest"/>
  <testcase name="getAllUsersTest" time="0.033" classname="res.cs.dao.UserDAOTest"/>
  <testcase name="loginUserTest" time="0.027" classname="res.cs.dao.UserDAOTest"/>
  <testcase name="voidUserTest" time="0.075" classname="res.cs.dao.UserDAOTest"/>
  <testcase name="createUserTest" time="0.025" classname="res.cs.dao.UserDAOTest"/>
  <testcase name="loginUserTest" time="0.028" classname="res.cs.dao.UserDAOTest"/>
</testsuite> <!-- res.cs.dao.UserDAOTest -->
