<?xml version="1.0" encoding="UTF-8"?>
<!-- Generated by org.testng.reporters.JUnitReportReporter -->
<testsuite skipped="0" hostname="DESKTOP-EHNC13A" name="res.cs.dao.ReviewDAOTest" tests="11" failures="0" timestamp="03 Jan 2018 20:19:31 GMT" time="1.000" errors="0">
  <testcase name="createReviewTest" time="0.132" classname="res.cs.dao.ReviewDAOTest"/>
  <testcase name="getReviewsByUserTest" time="0.023" classname="res.cs.dao.ReviewDAOTest"/>
  <testcase name="deletReviewTest" time="0.082" classname="res.cs.dao.ReviewDAOTest"/>
  <testcase name="createReviewTest" time="0.258" classname="res.cs.dao.ReviewDAOTest"/>
  <testcase name="getStoreTest" time="0.034" classname="res.cs.dao.ReviewDAOTest"/>
  <testcase name="getStoreTest" time="0.025" classname="res.cs.dao.ReviewDAOTest"/>
  <testcase name="getReviewsByUserTest" time="0.025" classname="res.cs.dao.ReviewDAOTest"/>
  <testcase name="createReviewTest" time="0.140" classname="res.cs.dao.ReviewDAOTest"/>
  <testcase name="deletReviewTest" time="0.033" classname="res.cs.dao.ReviewDAOTest"/>
  <testcase name="getStoreTest" time="0.032" classname="res.cs.dao.ReviewDAOTest"/>
  <testcase name="getReviewsByUserTest" time="0.216" classname="res.cs.dao.ReviewDAOTest"/>
</testsuite> <!-- res.cs.dao.ReviewDAOTest -->
