<?xml version="1.0" encoding="UTF-8"?>
<!-- Generated by org.testng.reporters.JUnitReportReporter -->
<testsuite skipped="0" hostname="DESKTOP-EHNC13A" name="res.cs.dao.OrderDAOTest" tests="11" failures="0" timestamp="03 Jan 2018 20:19:31 GMT" time="2.215" errors="0">
  <testcase name="getAllOrdersTest" time="0.079" classname="res.cs.dao.OrderDAOTest"/>
  <testcase name="createOrderTest" time="0.524" classname="res.cs.dao.OrderDAOTest"/>
  <testcase name="createOrderTest" time="0.131" classname="res.cs.dao.OrderDAOTest"/>
  <testcase name="deletOrderTest" time="0.082" classname="res.cs.dao.OrderDAOTest"/>
  <testcase name="getOrdersByUserTest" time="0.033" classname="res.cs.dao.OrderDAOTest"/>
  <testcase name="getAllOrdersTest" time="0.053" classname="res.cs.dao.OrderDAOTest"/>
  <testcase name="getOrdersByUserTest" time="0.328" classname="res.cs.dao.OrderDAOTest"/>
  <testcase name="createOrderTest" time="0.546" classname="res.cs.dao.OrderDAOTest"/>
  <testcase name="deletOrderTest" time="0.060" classname="res.cs.dao.OrderDAOTest"/>
  <testcase name="getOrdersByUserTest" time="0.321" classname="res.cs.dao.OrderDAOTest"/>
  <testcase name="getAllOrdersTest" time="0.058" classname="res.cs.dao.OrderDAOTest"/>
</testsuite> <!-- res.cs.dao.OrderDAOTest -->
