<?xml version="1.0" encoding="UTF-8"?>
<!-- Generated by org.testng.reporters.JUnitReportReporter -->
<testsuite skipped="0" hostname="DESKTOP-EHNC13A" name="res.cs.dao.OrderDAOTest" tests="11" failures="0" timestamp="18 Jan 2018 05:04:41 GMT" time="1.950" errors="0">
  <testcase name="getOrdersByUserTest" time="0.665" classname="res.cs.dao.OrderDAOTest"/>
  <testcase name="createOrderTest" time="0.131" classname="res.cs.dao.OrderDAOTest"/>
  <testcase name="createOrderTest" time="0.163" classname="res.cs.dao.OrderDAOTest"/>
  <testcase name="deletOrderTest" time="0.023" classname="res.cs.dao.OrderDAOTest"/>
  <testcase name="getOrdersByUserTest" time="0.661" classname="res.cs.dao.OrderDAOTest"/>
  <testcase name="deletOrderTest" time="0.022" classname="res.cs.dao.OrderDAOTest"/>
  <testcase name="getOrdersByUserTest" time="0.127" classname="res.cs.dao.OrderDAOTest"/>
  <testcase name="getAllOrdersTest" time="0.024" classname="res.cs.dao.OrderDAOTest"/>
  <testcase name="createOrderTest" time="0.088" classname="res.cs.dao.OrderDAOTest"/>
  <testcase name="getAllOrdersTest" time="0.023" classname="res.cs.dao.OrderDAOTest"/>
  <testcase name="getAllOrdersTest" time="0.023" classname="res.cs.dao.OrderDAOTest"/>
</testsuite> <!-- res.cs.dao.OrderDAOTest -->
