<?xml version="1.0" encoding="UTF-8"?>
<!-- Generated by org.testng.reporters.JUnitReportReporter -->
<testsuite skipped="0" hostname="DESKTOP-EHNC13A" name="res.cs.dao.ItemDAOTest" tests="15" failures="0" timestamp="28 Jan 2018 06:09:44 GMT" time="0.575" errors="0">
  <testcase name="createItemTest" time="0.047" classname="res.cs.dao.ItemDAOTest"/>
  <testcase name="getItemTest" time="0.048" classname="res.cs.dao.ItemDAOTest"/>
  <testcase name="getAllItemsTest" time="0.046" classname="res.cs.dao.ItemDAOTest"/>
  <testcase name="updateItemTest" time="0.048" classname="res.cs.dao.ItemDAOTest"/>
  <testcase name="getItemTest" time="0.046" classname="res.cs.dao.ItemDAOTest"/>
  <testcase name="updateItemTest" time="0.047" classname="res.cs.dao.ItemDAOTest"/>
  <testcase name="getAllItemsTest" time="0.025" classname="res.cs.dao.ItemDAOTest"/>
  <testcase name="getAllItemsTest" time="0.046" classname="res.cs.dao.ItemDAOTest"/>
  <testcase name="createItemTest" time="0.024" classname="res.cs.dao.ItemDAOTest"/>
  <testcase name="deleteItemTest" time="0.024" classname="res.cs.dao.ItemDAOTest"/>
  <testcase name="updateItemTest" time="0.043" classname="res.cs.dao.ItemDAOTest"/>
  <testcase name="createItemTest" time="0.024" classname="res.cs.dao.ItemDAOTest"/>
  <testcase name="getAllItemsTest" time="0.027" classname="res.cs.dao.ItemDAOTest"/>
  <testcase name="getItemTest" time="0.055" classname="res.cs.dao.ItemDAOTest"/>
  <testcase name="deleteItemTest" time="0.025" classname="res.cs.dao.ItemDAOTest"/>
</testsuite> <!-- res.cs.dao.ItemDAOTest -->
