<?xml version="1.0" encoding="UTF-8"?>
<!-- Generated by org.testng.reporters.JUnitReportReporter -->
<testsuite skipped="0" hostname="DESKTOP-EHNC13A" name="res.cs.dao.ItemDAOTest" tests="15" failures="0" timestamp="02 Jan 2018 01:15:51 GMT" time="0.637" errors="0">
  <testcase name="deleteItemTest" time="0.054" classname="res.cs.dao.ItemDAOTest"/>
  <testcase name="getItemTest" time="0.024" classname="res.cs.dao.ItemDAOTest"/>
  <testcase name="createItemTest" time="0.025" classname="res.cs.dao.ItemDAOTest"/>
  <testcase name="updateItemTest" time="0.091" classname="res.cs.dao.ItemDAOTest"/>
  <testcase name="getItemTest" time="0.056" classname="res.cs.dao.ItemDAOTest"/>
  <testcase name="getAllItemsTest" time="0.052" classname="res.cs.dao.ItemDAOTest"/>
  <testcase name="getAllItemsTest" time="0.027" classname="res.cs.dao.ItemDAOTest"/>
  <testcase name="updateItemTest" time="0.076" classname="res.cs.dao.ItemDAOTest"/>
  <testcase name="getItemTest" time="0.027" classname="res.cs.dao.ItemDAOTest"/>
  <testcase name="createItemTest" time="0.026" classname="res.cs.dao.ItemDAOTest"/>
  <testcase name="createItemTest" time="0.031" classname="res.cs.dao.ItemDAOTest"/>
  <testcase name="getAllItemsTest" time="0.024" classname="res.cs.dao.ItemDAOTest"/>
  <testcase name="deleteItemTest" time="0.024" classname="res.cs.dao.ItemDAOTest"/>
  <testcase name="updateItemTest" time="0.051" classname="res.cs.dao.ItemDAOTest"/>
  <testcase name="getAllItemsTest" time="0.049" classname="res.cs.dao.ItemDAOTest"/>
</testsuite> <!-- res.cs.dao.ItemDAOTest -->
