<?xml version="1.0" encoding="UTF-8"?>
<!-- Generated by org.testng.reporters.JUnitReportReporter -->
<testsuite skipped="0" hostname="DESKTOP-EHNC13A" name="res.cs.dao.UserDAOTest" tests="9" failures="0" timestamp="26 Dec 2017 04:17:09 GMT" time="1.078" errors="0">
  <testcase name="createUserTest" time="0.088" classname="res.cs.dao.UserDAOTest"/>
  <testcase name="voidUserTest" time="0.065" classname="res.cs.dao.UserDAOTest"/>
  <testcase name="voidUserTest" time="0.083" classname="res.cs.dao.UserDAOTest"/>
  <testcase name="getUserTest" time="0.025" classname="res.cs.dao.UserDAOTest"/>
  <testcase name="createUserTest" time="0.611" classname="res.cs.dao.UserDAOTest"/>
  <testcase name="createUserTest" time="0.024" classname="res.cs.dao.UserDAOTest"/>
  <testcase name="getUserTest" time="0.034" classname="res.cs.dao.UserDAOTest"/>
  <testcase name="getUserTest" time="0.081" classname="res.cs.dao.UserDAOTest"/>
  <testcase name="updateUserTest" time="0.067" classname="res.cs.dao.UserDAOTest"/>
</testsuite> <!-- res.cs.dao.UserDAOTest -->
