<?xml version="1.0" encoding="UTF-8"?>
<!-- Generated by org.testng.reporters.JUnitReportReporter -->
<testsuite skipped="0" hostname="DESKTOP-EHNC13A" name="res.cs.dao.UserDAOTest" tests="17" failures="0" timestamp="02 Jan 2018 01:15:51 GMT" time="1.206" errors="0">
  <testcase name="getAllUsersTest" time="0.053" classname="res.cs.dao.UserDAOTest"/>
  <testcase name="voidUserTest" time="0.028" classname="res.cs.dao.UserDAOTest"/>
  <testcase name="getAllUsersTest" time="0.027" classname="res.cs.dao.UserDAOTest"/>
  <testcase name="createUserTest" time="0.028" classname="res.cs.dao.UserDAOTest"/>
  <testcase name="loginUserTest" time="0.052" classname="res.cs.dao.UserDAOTest"/>
  <testcase name="updateUserTest" time="0.050" classname="res.cs.dao.UserDAOTest"/>
  <testcase name="getAllUsersTest" time="0.036" classname="res.cs.dao.UserDAOTest"/>
  <testcase name="getUserTest" time="0.055" classname="res.cs.dao.UserDAOTest"/>
  <testcase name="getUserTest" time="0.029" classname="res.cs.dao.UserDAOTest"/>
  <testcase name="voidUserTest" time="0.054" classname="res.cs.dao.UserDAOTest"/>
  <testcase name="loginUserTest" time="0.024" classname="res.cs.dao.UserDAOTest"/>
  <testcase name="createUserTest" time="0.575" classname="res.cs.dao.UserDAOTest"/>
  <testcase name="getUserTest" time="0.025" classname="res.cs.dao.UserDAOTest"/>
  <testcase name="updateUserTest" time="0.050" classname="res.cs.dao.UserDAOTest"/>
  <testcase name="getAllUsersTest" time="0.056" classname="res.cs.dao.UserDAOTest"/>
  <testcase name="loginUserTest" time="0.025" classname="res.cs.dao.UserDAOTest"/>
  <testcase name="createUserTest" time="0.039" classname="res.cs.dao.UserDAOTest"/>
</testsuite> <!-- res.cs.dao.UserDAOTest -->
