<?xml version="1.0" encoding="UTF-8"?>
<!-- Generated by org.testng.reporters.JUnitReportReporter -->
<testsuite skipped="0" hostname="DESKTOP-EHNC13A" name="res.cs.dao.OrderDAOTest" tests="11" failures="0" timestamp="19 Jan 2018 02:54:38 GMT" time="2.003" errors="0">
  <testcase name="getOrdersByUserTest" time="0.667" classname="res.cs.dao.OrderDAOTest"/>
  <testcase name="createOrderTest" time="0.141" classname="res.cs.dao.OrderDAOTest"/>
  <testcase name="createOrderTest" time="0.087" classname="res.cs.dao.OrderDAOTest"/>
  <testcase name="deletOrderTest" time="0.021" classname="res.cs.dao.OrderDAOTest"/>
  <testcase name="getOrdersByUserTest" time="0.690" classname="res.cs.dao.OrderDAOTest"/>
  <testcase name="deletOrderTest" time="0.021" classname="res.cs.dao.OrderDAOTest"/>
  <testcase name="getOrdersByUserTest" time="0.173" classname="res.cs.dao.OrderDAOTest"/>
  <testcase name="getAllOrdersTest" time="0.024" classname="res.cs.dao.OrderDAOTest"/>
  <testcase name="createOrderTest" time="0.130" classname="res.cs.dao.OrderDAOTest"/>
  <testcase name="getAllOrdersTest" time="0.026" classname="res.cs.dao.OrderDAOTest"/>
  <testcase name="getAllOrdersTest" time="0.023" classname="res.cs.dao.OrderDAOTest"/>
</testsuite> <!-- res.cs.dao.OrderDAOTest -->
