<?xml version="1.0" encoding="UTF-8"?>
<!-- Generated by org.testng.reporters.JUnitReportReporter -->
<testsuite skipped="0" hostname="DESKTOP-EHNC13A" name="res.cs.dao.UserDAOTest" tests="3" failures="0" timestamp="28 Jan 2018 06:12:59 GMT" time="0.616" errors="0">
  <testcase name="isUserNameAvailable" time="0.029" classname="res.cs.dao.UserDAOTest"/>
  <testcase name="isUserNameAvailable" time="0.028" classname="res.cs.dao.UserDAOTest"/>
  <testcase name="isUserNameAvailable" time="0.559" classname="res.cs.dao.UserDAOTest"/>
</testsuite> <!-- res.cs.dao.UserDAOTest -->
