<?xml version="1.0" encoding="UTF-8"?>
<!-- Generated by org.testng.reporters.JUnitReportReporter -->
<testsuite skipped="0" hostname="DESKTOP-EHNC13A" name="res.cs.dao.ItemDAOTest" tests="15" failures="0" timestamp="18 Jan 2018 05:04:41 GMT" time="0.565" errors="0">
  <testcase name="getAllItemsTest" time="0.025" classname="res.cs.dao.ItemDAOTest"/>
  <testcase name="createItemTest" time="0.043" classname="res.cs.dao.ItemDAOTest"/>
  <testcase name="createItemTest" time="0.024" classname="res.cs.dao.ItemDAOTest"/>
  <testcase name="getItemTest" time="0.028" classname="res.cs.dao.ItemDAOTest"/>
  <testcase name="deleteItemTest" time="0.021" classname="res.cs.dao.ItemDAOTest"/>
  <testcase name="getAllItemsTest" time="0.048" classname="res.cs.dao.ItemDAOTest"/>
  <testcase name="updateItemTest" time="0.046" classname="res.cs.dao.ItemDAOTest"/>
  <testcase name="getAllItemsTest" time="0.025" classname="res.cs.dao.ItemDAOTest"/>
  <testcase name="getItemTest" time="0.045" classname="res.cs.dao.ItemDAOTest"/>
  <testcase name="createItemTest" time="0.046" classname="res.cs.dao.ItemDAOTest"/>
  <testcase name="updateItemTest" time="0.044" classname="res.cs.dao.ItemDAOTest"/>
  <testcase name="getItemTest" time="0.049" classname="res.cs.dao.ItemDAOTest"/>
  <testcase name="getAllItemsTest" time="0.024" classname="res.cs.dao.ItemDAOTest"/>
  <testcase name="deleteItemTest" time="0.021" classname="res.cs.dao.ItemDAOTest"/>
  <testcase name="updateItemTest" time="0.076" classname="res.cs.dao.ItemDAOTest"/>
</testsuite> <!-- res.cs.dao.ItemDAOTest -->
