<?xml version="1.0" encoding="UTF-8"?>
<!-- Generated by org.testng.reporters.JUnitReportReporter -->
<testsuite skipped="0" hostname="DESKTOP-EHNC13A" name="res.cs.dao.PaymentDAOTest" tests="5" failures="0" timestamp="20 Jan 2018 04:49:08 GMT" time="0.209" errors="0">
  <testcase name="createPaymentTest" time="0.022" classname="res.cs.dao.PaymentDAOTest"/>
  <testcase name="deletePaymentTest" time="0.043" classname="res.cs.dao.PaymentDAOTest"/>
  <testcase name="createPaymentTest" time="0.022" classname="res.cs.dao.PaymentDAOTest"/>
  <testcase name="deletePaymentTest" time="0.042" classname="res.cs.dao.PaymentDAOTest"/>
  <testcase name="createPaymentTest" time="0.080" classname="res.cs.dao.PaymentDAOTest"/>
</testsuite> <!-- res.cs.dao.PaymentDAOTest -->
