<?xml version="1.0" encoding="UTF-8"?>
<!-- Generated by org.testng.reporters.JUnitReportReporter -->
<testsuite skipped="0" hostname="DESKTOP-EHNC13A" name="res.cs.dao.UserDAOTest" tests="17" failures="0" timestamp="03 Jan 2018 20:19:31 GMT" time="2.605" errors="0">
  <testcase name="getAllUsersTest" time="0.238" classname="res.cs.dao.UserDAOTest"/>
  <testcase name="voidUserTest" time="0.104" classname="res.cs.dao.UserDAOTest"/>
  <testcase name="getAllUsersTest" time="0.070" classname="res.cs.dao.UserDAOTest"/>
  <testcase name="createUserTest" time="0.094" classname="res.cs.dao.UserDAOTest"/>
  <testcase name="loginUserTest" time="0.233" classname="res.cs.dao.UserDAOTest"/>
  <testcase name="updateUserTest" time="0.093" classname="res.cs.dao.UserDAOTest"/>
  <testcase name="getAllUsersTest" time="0.158" classname="res.cs.dao.UserDAOTest"/>
  <testcase name="getUserTest" time="0.141" classname="res.cs.dao.UserDAOTest"/>
  <testcase name="getUserTest" time="0.040" classname="res.cs.dao.UserDAOTest"/>
  <testcase name="voidUserTest" time="0.208" classname="res.cs.dao.UserDAOTest"/>
  <testcase name="loginUserTest" time="0.088" classname="res.cs.dao.UserDAOTest"/>
  <testcase name="createUserTest" time="0.600" classname="res.cs.dao.UserDAOTest"/>
  <testcase name="getUserTest" time="0.052" classname="res.cs.dao.UserDAOTest"/>
  <testcase name="updateUserTest" time="0.154" classname="res.cs.dao.UserDAOTest"/>
  <testcase name="getAllUsersTest" time="0.172" classname="res.cs.dao.UserDAOTest"/>
  <testcase name="loginUserTest" time="0.103" classname="res.cs.dao.UserDAOTest"/>
  <testcase name="createUserTest" time="0.057" classname="res.cs.dao.UserDAOTest"/>
</testsuite> <!-- res.cs.dao.UserDAOTest -->
