<?xml version="1.0" encoding="UTF-8"?>
<!-- Generated by org.testng.reporters.JUnitReportReporter -->
<testsuite skipped="0" hostname="DESKTOP-EHNC13A" name="res.cs.dao.PaymentDAOTest" tests="5" failures="0" timestamp="18 Jan 2018 05:04:41 GMT" time="0.176" errors="0">
  <testcase name="createPaymentTest" time="0.022" classname="res.cs.dao.PaymentDAOTest"/>
  <testcase name="createPaymentTest" time="0.043" classname="res.cs.dao.PaymentDAOTest"/>
  <testcase name="deletePaymentTest" time="0.042" classname="res.cs.dao.PaymentDAOTest"/>
  <testcase name="createPaymentTest" time="0.024" classname="res.cs.dao.PaymentDAOTest"/>
  <testcase name="deletePaymentTest" time="0.045" classname="res.cs.dao.PaymentDAOTest"/>
</testsuite> <!-- res.cs.dao.PaymentDAOTest -->
