<?xml version="1.0" encoding="UTF-8"?>
<!-- Generated by org.testng.reporters.JUnitReportReporter -->
<testsuite skipped="0" hostname="DESKTOP-EHNC13A" name="res.cs.dao.OrderDAOTest" tests="11" failures="0" timestamp="28 Jan 2018 06:09:45 GMT" time="3.946" errors="0">
  <testcase name="createOrderTest" time="0.070" classname="res.cs.dao.OrderDAOTest"/>
  <testcase name="deletOrderTest" time="0.024" classname="res.cs.dao.OrderDAOTest"/>
  <testcase name="createOrderTest" time="0.088" classname="res.cs.dao.OrderDAOTest"/>
  <testcase name="getOrdersByUserTest" time="0.110" classname="res.cs.dao.OrderDAOTest"/>
  <testcase name="getOrdersByUserTest" time="0.657" classname="res.cs.dao.OrderDAOTest"/>
  <testcase name="getAllOrdersTest" time="0.663" classname="res.cs.dao.OrderDAOTest"/>
  <testcase name="deletOrderTest" time="0.049" classname="res.cs.dao.OrderDAOTest"/>
  <testcase name="getAllOrdersTest" time="0.718" classname="res.cs.dao.OrderDAOTest"/>
  <testcase name="getOrdersByUserTest" time="0.681" classname="res.cs.dao.OrderDAOTest"/>
  <testcase name="createOrderTest" time="0.117" classname="res.cs.dao.OrderDAOTest"/>
  <testcase name="getAllOrdersTest" time="0.769" classname="res.cs.dao.OrderDAOTest"/>
</testsuite> <!-- res.cs.dao.OrderDAOTest -->
