<?xml version="1.0" encoding="UTF-8"?>
<!-- Generated by org.testng.reporters.JUnitReportReporter -->
<testsuite skipped="0" hostname="DESKTOP-EHNC13A" name="res.cs.dao.UserDAOTest" tests="10" failures="0" timestamp="26 Dec 2017 05:04:54 GMT" time="1.177" errors="0">
  <testcase name="createUserTest" time="0.062" classname="res.cs.dao.UserDAOTest"/>
  <testcase name="voidUserTest" time="0.056" classname="res.cs.dao.UserDAOTest"/>
  <testcase name="getUserTest" time="0.120" classname="res.cs.dao.UserDAOTest"/>
  <testcase name="voidUserTest" time="0.026" classname="res.cs.dao.UserDAOTest"/>
  <testcase name="createUserTest" time="0.615" classname="res.cs.dao.UserDAOTest"/>
  <testcase name="createUserTest" time="0.057" classname="res.cs.dao.UserDAOTest"/>
  <testcase name="getUserTest" time="0.056" classname="res.cs.dao.UserDAOTest"/>
  <testcase name="getUserTest" time="0.034" classname="res.cs.dao.UserDAOTest"/>
  <testcase name="updateUserTest" time="0.082" classname="res.cs.dao.UserDAOTest"/>
  <testcase name="updateUserTest" time="0.069" classname="res.cs.dao.UserDAOTest"/>
</testsuite> <!-- res.cs.dao.UserDAOTest -->
