<?xml version="1.0" encoding="UTF-8"?>
<!-- Generated by org.testng.reporters.JUnitReportReporter -->
<testsuite skipped="0" hostname="DESKTOP-EHNC13A" name="res.cs.dao.ReviewDAOTest" tests="11" failures="0" timestamp="28 Jan 2018 06:09:44 GMT" time="0.409" errors="0">
  <testcase name="deletReviewTest" time="0.024" classname="res.cs.dao.ReviewDAOTest"/>
  <testcase name="itemReviewTest" time="0.024" classname="res.cs.dao.ReviewDAOTest"/>
  <testcase name="deletReviewTest" time="0.022" classname="res.cs.dao.ReviewDAOTest"/>
  <testcase name="itemReviewTest" time="0.030" classname="res.cs.dao.ReviewDAOTest"/>
  <testcase name="createReviewTest" time="0.066" classname="res.cs.dao.ReviewDAOTest"/>
  <testcase name="createReviewTest" time="0.047" classname="res.cs.dao.ReviewDAOTest"/>
  <testcase name="getReviewsByUserTest" time="0.026" classname="res.cs.dao.ReviewDAOTest"/>
  <testcase name="getReviewsByUserTest" time="0.024" classname="res.cs.dao.ReviewDAOTest"/>
  <testcase name="createReviewTest" time="0.048" classname="res.cs.dao.ReviewDAOTest"/>
  <testcase name="getReviewsByUserTest" time="0.024" classname="res.cs.dao.ReviewDAOTest"/>
  <testcase name="itemReviewTest" time="0.074" classname="res.cs.dao.ReviewDAOTest"/>
</testsuite> <!-- res.cs.dao.ReviewDAOTest -->
