<?xml version="1.0" encoding="UTF-8"?>
<!-- Generated by org.testng.reporters.JUnitReportReporter -->
<testsuite skipped="0" hostname="DESKTOP-EHNC13A" name="res.cs.dao.StoreDAOTest" tests="15" failures="0" timestamp="03 Jan 2018 20:19:31 GMT" time="2.476" errors="0">
  <testcase name="deleteStoreTest" time="0.099" classname="res.cs.dao.StoreDAOTest"/>
  <testcase name="updateStoreTest" time="0.249" classname="res.cs.dao.StoreDAOTest"/>
  <testcase name="getStoreTest" time="0.088" classname="res.cs.dao.StoreDAOTest"/>
  <testcase name="createUserTest" time="0.330" classname="res.cs.dao.StoreDAOTest"/>
  <testcase name="createUserTest" time="0.165" classname="res.cs.dao.StoreDAOTest"/>
  <testcase name="deleteStoreTest" time="0.165" classname="res.cs.dao.StoreDAOTest"/>
  <testcase name="getAllStoresTest" time="0.281" classname="res.cs.dao.StoreDAOTest"/>
  <testcase name="createUserTest" time="0.171" classname="res.cs.dao.StoreDAOTest"/>
  <testcase name="updateStoreTest" time="0.192" classname="res.cs.dao.StoreDAOTest"/>
  <testcase name="getAllStoresTest" time="0.055" classname="res.cs.dao.StoreDAOTest"/>
  <testcase name="updateStoreTest" time="0.331" classname="res.cs.dao.StoreDAOTest"/>
  <testcase name="getStoreTest" time="0.077" classname="res.cs.dao.StoreDAOTest"/>
  <testcase name="getStoreTest" time="0.152" classname="res.cs.dao.StoreDAOTest"/>
  <testcase name="getAllStoresTest" time="0.089" classname="res.cs.dao.StoreDAOTest"/>
  <testcase name="getAllStoresTest" time="0.032" classname="res.cs.dao.StoreDAOTest"/>
</testsuite> <!-- res.cs.dao.StoreDAOTest -->
