<?xml version="1.0" encoding="UTF-8"?>
<!-- Generated by org.testng.reporters.JUnitReportReporter -->
<testsuite skipped="0" hostname="DESKTOP-EHNC13A" name="res.cs.dao.ItemDAOTest" tests="15" failures="0" timestamp="19 Jan 2018 02:54:38 GMT" time="0.617" errors="0">
  <testcase name="getAllItemsTest" time="0.025" classname="res.cs.dao.ItemDAOTest"/>
  <testcase name="createItemTest" time="0.049" classname="res.cs.dao.ItemDAOTest"/>
  <testcase name="createItemTest" time="0.039" classname="res.cs.dao.ItemDAOTest"/>
  <testcase name="getItemTest" time="0.024" classname="res.cs.dao.ItemDAOTest"/>
  <testcase name="deleteItemTest" time="0.022" classname="res.cs.dao.ItemDAOTest"/>
  <testcase name="getAllItemsTest" time="0.047" classname="res.cs.dao.ItemDAOTest"/>
  <testcase name="updateItemTest" time="0.050" classname="res.cs.dao.ItemDAOTest"/>
  <testcase name="getAllItemsTest" time="0.022" classname="res.cs.dao.ItemDAOTest"/>
  <testcase name="getItemTest" time="0.046" classname="res.cs.dao.ItemDAOTest"/>
  <testcase name="createItemTest" time="0.063" classname="res.cs.dao.ItemDAOTest"/>
  <testcase name="updateItemTest" time="0.047" classname="res.cs.dao.ItemDAOTest"/>
  <testcase name="getItemTest" time="0.049" classname="res.cs.dao.ItemDAOTest"/>
  <testcase name="getAllItemsTest" time="0.026" classname="res.cs.dao.ItemDAOTest"/>
  <testcase name="deleteItemTest" time="0.022" classname="res.cs.dao.ItemDAOTest"/>
  <testcase name="updateItemTest" time="0.086" classname="res.cs.dao.ItemDAOTest"/>
</testsuite> <!-- res.cs.dao.ItemDAOTest -->
