<?xml version="1.0" encoding="UTF-8"?>
<!-- Generated by org.testng.reporters.JUnitReportReporter -->
<testsuite skipped="0" hostname="DESKTOP-EHNC13A" name="res.cs.dao.StoreDAOTest" tests="15" failures="0" timestamp="28 Jan 2018 06:09:44 GMT" time="0.590" errors="0">
  <testcase name="getStoreTest" time="0.052" classname="res.cs.dao.StoreDAOTest"/>
  <testcase name="getStoreTest" time="0.023" classname="res.cs.dao.StoreDAOTest"/>
  <testcase name="getAllStoresTest" time="0.066" classname="res.cs.dao.StoreDAOTest"/>
  <testcase name="updateStoreTest" time="0.043" classname="res.cs.dao.StoreDAOTest"/>
  <testcase name="updateStoreTest" time="0.066" classname="res.cs.dao.StoreDAOTest"/>
  <testcase name="getAllStoresTest" time="0.023" classname="res.cs.dao.StoreDAOTest"/>
  <testcase name="getStoreTest" time="0.047" classname="res.cs.dao.StoreDAOTest"/>
  <testcase name="deleteStoreTest" time="0.022" classname="res.cs.dao.StoreDAOTest"/>
  <testcase name="createUserTest" time="0.025" classname="res.cs.dao.StoreDAOTest"/>
  <testcase name="updateStoreTest" time="0.071" classname="res.cs.dao.StoreDAOTest"/>
  <testcase name="deleteStoreTest" time="0.023" classname="res.cs.dao.StoreDAOTest"/>
  <testcase name="createUserTest" time="0.024" classname="res.cs.dao.StoreDAOTest"/>
  <testcase name="createUserTest" time="0.029" classname="res.cs.dao.StoreDAOTest"/>
  <testcase name="getAllStoresTest" time="0.029" classname="res.cs.dao.StoreDAOTest"/>
  <testcase name="getAllStoresTest" time="0.047" classname="res.cs.dao.StoreDAOTest"/>
</testsuite> <!-- res.cs.dao.StoreDAOTest -->
