<?xml version="1.0" encoding="UTF-8"?>
<!-- Generated by org.testng.reporters.JUnitReportReporter -->
<testsuite skipped="0" hostname="DESKTOP-EHNC13A" name="res.cs.dao.UserDAOTest" tests="17" failures="0" timestamp="20 Jan 2018 04:49:08 GMT" time="2.352" errors="0">
  <testcase name="loginUserTest" time="0.024" classname="res.cs.dao.UserDAOTest"/>
  <testcase name="getAllUsersTest" time="0.025" classname="res.cs.dao.UserDAOTest"/>
  <testcase name="createUserTest" time="0.030" classname="res.cs.dao.UserDAOTest"/>
  <testcase name="loginUserTest" time="0.031" classname="res.cs.dao.UserDAOTest"/>
  <testcase name="loginUserTest" time="0.025" classname="res.cs.dao.UserDAOTest"/>
  <testcase name="getUserTest" time="0.054" classname="res.cs.dao.UserDAOTest"/>
  <testcase name="updateUserTest" time="0.071" classname="res.cs.dao.UserDAOTest"/>
  <testcase name="getUserTest" time="0.025" classname="res.cs.dao.UserDAOTest"/>
  <testcase name="voidUserTest" time="0.029" classname="res.cs.dao.UserDAOTest"/>
  <testcase name="getAllUsersTest" time="0.150" classname="res.cs.dao.UserDAOTest"/>
  <testcase name="getUserTest" time="0.024" classname="res.cs.dao.UserDAOTest"/>
  <testcase name="updateUserTest" time="0.074" classname="res.cs.dao.UserDAOTest"/>
  <testcase name="getAllUsersTest" time="0.054" classname="res.cs.dao.UserDAOTest"/>
  <testcase name="createUserTest" time="1.642" classname="res.cs.dao.UserDAOTest"/>
  <testcase name="getAllUsersTest" time="0.026" classname="res.cs.dao.UserDAOTest"/>
  <testcase name="createUserTest" time="0.040" classname="res.cs.dao.UserDAOTest"/>
  <testcase name="voidUserTest" time="0.028" classname="res.cs.dao.UserDAOTest"/>
</testsuite> <!-- res.cs.dao.UserDAOTest -->
