<?xml version="1.0" encoding="UTF-8"?>
<!-- Generated by org.testng.reporters.JUnitReportReporter -->
<testsuite skipped="0" hostname="DESKTOP-EHNC13A" name="res.cs.dao.ReviewDAOTest" tests="11" failures="0" timestamp="18 Jan 2018 05:04:41 GMT" time="0.314" errors="0">
  <testcase name="getReviewsByUserTest" time="0.021" classname="res.cs.dao.ReviewDAOTest"/>
  <testcase name="getStoreTest" time="0.024" classname="res.cs.dao.ReviewDAOTest"/>
  <testcase name="getStoreTest" time="0.022" classname="res.cs.dao.ReviewDAOTest"/>
  <testcase name="getReviewsByUserTest" time="0.022" classname="res.cs.dao.ReviewDAOTest"/>
  <testcase name="getReviewsByUserTest" time="0.024" classname="res.cs.dao.ReviewDAOTest"/>
  <testcase name="createReviewTest" time="0.023" classname="res.cs.dao.ReviewDAOTest"/>
  <testcase name="createReviewTest" time="0.023" classname="res.cs.dao.ReviewDAOTest"/>
  <testcase name="deletReviewTest" time="0.042" classname="res.cs.dao.ReviewDAOTest"/>
  <testcase name="deletReviewTest" time="0.045" classname="res.cs.dao.ReviewDAOTest"/>
  <testcase name="getStoreTest" time="0.025" classname="res.cs.dao.ReviewDAOTest"/>
  <testcase name="createReviewTest" time="0.043" classname="res.cs.dao.ReviewDAOTest"/>
</testsuite> <!-- res.cs.dao.ReviewDAOTest -->
