<?xml version="1.0" encoding="UTF-8"?>
<!-- Generated by org.testng.reporters.JUnitReportReporter -->
<testsuite skipped="0" hostname="DESKTOP-EHNC13A" name="res.cs.dao.ReviewDAOTest" tests="11" failures="0" timestamp="30 Dec 2017 14:53:21 GMT" time="0.943" errors="0">
  <testcase name="createReviewTest" time="0.044" classname="res.cs.dao.ReviewDAOTest"/>
  <testcase name="getStoreTest" time="0.028" classname="res.cs.dao.ReviewDAOTest"/>
  <testcase name="getReviewsByUserTest" time="0.024" classname="res.cs.dao.ReviewDAOTest"/>
  <testcase name="getStoreTest" time="0.056" classname="res.cs.dao.ReviewDAOTest"/>
  <testcase name="getStoreTest" time="0.028" classname="res.cs.dao.ReviewDAOTest"/>
  <testcase name="getReviewsByUserTest" time="0.035" classname="res.cs.dao.ReviewDAOTest"/>
  <testcase name="deletReviewTest" time="0.022" classname="res.cs.dao.ReviewDAOTest"/>
  <testcase name="deletReviewTest" time="0.056" classname="res.cs.dao.ReviewDAOTest"/>
  <testcase name="createReviewTest" time="0.562" classname="res.cs.dao.ReviewDAOTest"/>
  <testcase name="createReviewTest" time="0.027" classname="res.cs.dao.ReviewDAOTest"/>
  <testcase name="getReviewsByUserTest" time="0.061" classname="res.cs.dao.ReviewDAOTest"/>
</testsuite> <!-- res.cs.dao.ReviewDAOTest -->
