<?xml version="1.0" encoding="UTF-8"?>
<!-- Generated by org.testng.reporters.JUnitReportReporter -->
<testsuite skipped="0" hostname="DESKTOP-EHNC13A" name="res.cs.dao.PaymentDAOTest" tests="5" failures="0" timestamp="30 Dec 2017 16:13:41 GMT" time="0.781" errors="0">
  <testcase name="createPaymentTest" time="0.043" classname="res.cs.dao.PaymentDAOTest"/>
  <testcase name="deletePaymentTest" time="0.062" classname="res.cs.dao.PaymentDAOTest"/>
  <testcase name="deletePaymentTest" time="0.052" classname="res.cs.dao.PaymentDAOTest"/>
  <testcase name="createPaymentTest" time="0.567" classname="res.cs.dao.PaymentDAOTest"/>
  <testcase name="createPaymentTest" time="0.057" classname="res.cs.dao.PaymentDAOTest"/>
</testsuite> <!-- res.cs.dao.PaymentDAOTest -->
