<?xml version="1.0" encoding="UTF-8"?>
<!-- Generated by org.testng.reporters.JUnitReportReporter -->
<testsuite skipped="0" hostname="DESKTOP-EHNC13A" name="res.cs.dao.UserDAOTest" tests="9" failures="0" timestamp="23 Dec 2017 02:15:48 GMT" time="0.814" errors="0">
  <testcase name="getUserTest" time="0.030" classname="res.cs.dao.UserDAOTest"/>
  <testcase name="createUserTest" time="0.034" classname="res.cs.dao.UserDAOTest"/>
  <testcase name="createUserTest" time="0.042" classname="res.cs.dao.UserDAOTest"/>
  <testcase name="updateUserTest" time="0.024" classname="res.cs.dao.UserDAOTest"/>
  <testcase name="getUserTest" time="0.024" classname="res.cs.dao.UserDAOTest"/>
  <testcase name="getUserTest" time="0.041" classname="res.cs.dao.UserDAOTest"/>
  <testcase name="createUserTest" time="0.564" classname="res.cs.dao.UserDAOTest"/>
  <testcase name="updateUserTest" time="0.028" classname="res.cs.dao.UserDAOTest"/>
  <testcase name="updateUserTest" time="0.027" classname="res.cs.dao.UserDAOTest"/>
</testsuite> <!-- res.cs.dao.UserDAOTest -->
