<?xml version="1.0" encoding="UTF-8"?>
<!-- Generated by org.testng.reporters.JUnitReportReporter -->
<testsuite skipped="0" hostname="DESKTOP-EHNC13A" name="res.cs.dao.UserDAOTest" tests="14" failures="0" timestamp="30 Dec 2017 03:40:09 GMT" time="1.335" errors="0">
  <testcase name="voidUserTest" time="0.026" classname="res.cs.dao.UserDAOTest"/>
  <testcase name="createUserTest" time="0.071" classname="res.cs.dao.UserDAOTest"/>
  <testcase name="createUserTest" time="0.594" classname="res.cs.dao.UserDAOTest"/>
  <testcase name="getUserTest" time="0.028" classname="res.cs.dao.UserDAOTest"/>
  <testcase name="createUserTest" time="0.134" classname="res.cs.dao.UserDAOTest"/>
  <testcase name="getUserTest" time="0.054" classname="res.cs.dao.UserDAOTest"/>
  <testcase name="getAllUsersTest" time="0.029" classname="res.cs.dao.UserDAOTest"/>
  <testcase name="voidUserTest" time="0.022" classname="res.cs.dao.UserDAOTest"/>
  <testcase name="getUserTest" time="0.052" classname="res.cs.dao.UserDAOTest"/>
  <testcase name="getAllUsersTest" time="0.028" classname="res.cs.dao.UserDAOTest"/>
  <testcase name="getAllUsersTest" time="0.100" classname="res.cs.dao.UserDAOTest"/>
  <testcase name="getAllUsersTest" time="0.030" classname="res.cs.dao.UserDAOTest"/>
  <testcase name="updateUserTest" time="0.121" classname="res.cs.dao.UserDAOTest"/>
  <testcase name="updateUserTest" time="0.046" classname="res.cs.dao.UserDAOTest"/>
</testsuite> <!-- res.cs.dao.UserDAOTest -->
