<?xml version="1.0" encoding="UTF-8"?>
<!-- Generated by org.testng.reporters.JUnitReportReporter -->
<testsuite skipped="0" hostname="DESKTOP-EHNC13A" name="res.cs.dao.ItemDAOTest" tests="15" failures="0" timestamp="03 Jan 2018 20:19:31 GMT" time="1.812" errors="0">
  <testcase name="deleteItemTest" time="0.174" classname="res.cs.dao.ItemDAOTest"/>
  <testcase name="getItemTest" time="0.071" classname="res.cs.dao.ItemDAOTest"/>
  <testcase name="createItemTest" time="0.099" classname="res.cs.dao.ItemDAOTest"/>
  <testcase name="updateItemTest" time="0.158" classname="res.cs.dao.ItemDAOTest"/>
  <testcase name="getItemTest" time="0.114" classname="res.cs.dao.ItemDAOTest"/>
  <testcase name="getAllItemsTest" time="0.180" classname="res.cs.dao.ItemDAOTest"/>
  <testcase name="getAllItemsTest" time="0.051" classname="res.cs.dao.ItemDAOTest"/>
  <testcase name="updateItemTest" time="0.251" classname="res.cs.dao.ItemDAOTest"/>
  <testcase name="getItemTest" time="0.076" classname="res.cs.dao.ItemDAOTest"/>
  <testcase name="createItemTest" time="0.158" classname="res.cs.dao.ItemDAOTest"/>
  <testcase name="createItemTest" time="0.070" classname="res.cs.dao.ItemDAOTest"/>
  <testcase name="getAllItemsTest" time="0.059" classname="res.cs.dao.ItemDAOTest"/>
  <testcase name="deleteItemTest" time="0.048" classname="res.cs.dao.ItemDAOTest"/>
  <testcase name="updateItemTest" time="0.143" classname="res.cs.dao.ItemDAOTest"/>
  <testcase name="getAllItemsTest" time="0.160" classname="res.cs.dao.ItemDAOTest"/>
</testsuite> <!-- res.cs.dao.ItemDAOTest -->
