<?xml version="1.0" encoding="UTF-8"?>
<!-- Generated by org.testng.reporters.JUnitReportReporter -->
<testsuite skipped="0" hostname="DESKTOP-EHNC13A" name="res.cs.dao.ReviewDAOTest" tests="11" failures="0" timestamp="02 Jan 2018 01:15:50 GMT" time="0.345" errors="0">
  <testcase name="createReviewTest" time="0.024" classname="res.cs.dao.ReviewDAOTest"/>
  <testcase name="getReviewsByUserTest" time="0.024" classname="res.cs.dao.ReviewDAOTest"/>
  <testcase name="deletReviewTest" time="0.044" classname="res.cs.dao.ReviewDAOTest"/>
  <testcase name="createReviewTest" time="0.053" classname="res.cs.dao.ReviewDAOTest"/>
  <testcase name="getStoreTest" time="0.024" classname="res.cs.dao.ReviewDAOTest"/>
  <testcase name="getStoreTest" time="0.026" classname="res.cs.dao.ReviewDAOTest"/>
  <testcase name="getReviewsByUserTest" time="0.024" classname="res.cs.dao.ReviewDAOTest"/>
  <testcase name="createReviewTest" time="0.027" classname="res.cs.dao.ReviewDAOTest"/>
  <testcase name="deletReviewTest" time="0.023" classname="res.cs.dao.ReviewDAOTest"/>
  <testcase name="getStoreTest" time="0.027" classname="res.cs.dao.ReviewDAOTest"/>
  <testcase name="getReviewsByUserTest" time="0.049" classname="res.cs.dao.ReviewDAOTest"/>
</testsuite> <!-- res.cs.dao.ReviewDAOTest -->
