<?xml version="1.0" encoding="UTF-8"?>
<!-- Generated by org.testng.reporters.JUnitReportReporter -->
<testsuite skipped="0" hostname="DESKTOP-EHNC13A" name="res.cs.dao.PaymentDAOTest" tests="5" failures="0" timestamp="02 Jan 2018 01:15:51 GMT" time="0.205" errors="0">
  <testcase name="createPaymentTest" time="0.046" classname="res.cs.dao.PaymentDAOTest"/>
  <testcase name="deletePaymentTest" time="0.049" classname="res.cs.dao.PaymentDAOTest"/>
  <testcase name="createPaymentTest" time="0.027" classname="res.cs.dao.PaymentDAOTest"/>
  <testcase name="createPaymentTest" time="0.033" classname="res.cs.dao.PaymentDAOTest"/>
  <testcase name="deletePaymentTest" time="0.050" classname="res.cs.dao.PaymentDAOTest"/>
</testsuite> <!-- res.cs.dao.PaymentDAOTest -->
