<?xml version="1.0" encoding="UTF-8"?>
<!-- Generated by org.testng.reporters.JUnitReportReporter -->
<testsuite skipped="0" hostname="DESKTOP-EHNC13A" name="res.cs.dao.ItemDAOTest" tests="15" failures="0" timestamp="30 Dec 2017 19:51:22 GMT" time="1.190" errors="0">
  <testcase name="getItemTest" time="0.024" classname="res.cs.dao.ItemDAOTest"/>
  <testcase name="deleteItemTest" time="0.050" classname="res.cs.dao.ItemDAOTest"/>
  <testcase name="updateItemTest" time="0.047" classname="res.cs.dao.ItemDAOTest"/>
  <testcase name="deleteItemTest" time="0.025" classname="res.cs.dao.ItemDAOTest"/>
  <testcase name="createItemTest" time="0.565" classname="res.cs.dao.ItemDAOTest"/>
  <testcase name="createItemTest" time="0.053" classname="res.cs.dao.ItemDAOTest"/>
  <testcase name="getAllItemsTest" time="0.029" classname="res.cs.dao.ItemDAOTest"/>
  <testcase name="createItemTest" time="0.039" classname="res.cs.dao.ItemDAOTest"/>
  <testcase name="getAllItemsTest" time="0.060" classname="res.cs.dao.ItemDAOTest"/>
  <testcase name="getAllItemsTest" time="0.024" classname="res.cs.dao.ItemDAOTest"/>
  <testcase name="getItemTest" time="0.062" classname="res.cs.dao.ItemDAOTest"/>
  <testcase name="getAllItemsTest" time="0.056" classname="res.cs.dao.ItemDAOTest"/>
  <testcase name="getItemTest" time="0.025" classname="res.cs.dao.ItemDAOTest"/>
  <testcase name="updateItemTest" time="0.052" classname="res.cs.dao.ItemDAOTest"/>
  <testcase name="updateItemTest" time="0.079" classname="res.cs.dao.ItemDAOTest"/>
</testsuite> <!-- res.cs.dao.ItemDAOTest -->
