<?xml version="1.0" encoding="UTF-8"?>
<!-- Generated by org.testng.reporters.JUnitReportReporter -->
<testsuite skipped="0" hostname="DESKTOP-EHNC13A" name="res.cs.dao.UserDAOTest" tests="17" failures="0" timestamp="18 Jan 2018 05:04:41 GMT" time="1.167" errors="0">
  <testcase name="getUserTest" time="0.030" classname="res.cs.dao.UserDAOTest"/>
  <testcase name="createUserTest" time="0.035" classname="res.cs.dao.UserDAOTest"/>
  <testcase name="updateUserTest" time="0.077" classname="res.cs.dao.UserDAOTest"/>
  <testcase name="getAllUsersTest" time="0.036" classname="res.cs.dao.UserDAOTest"/>
  <testcase name="getUserTest" time="0.025" classname="res.cs.dao.UserDAOTest"/>
  <testcase name="getAllUsersTest" time="0.054" classname="res.cs.dao.UserDAOTest"/>
  <testcase name="loginUserTest" time="0.046" classname="res.cs.dao.UserDAOTest"/>
  <testcase name="getUserTest" time="0.055" classname="res.cs.dao.UserDAOTest"/>
  <testcase name="createUserTest" time="0.557" classname="res.cs.dao.UserDAOTest"/>
  <testcase name="getAllUsersTest" time="0.026" classname="res.cs.dao.UserDAOTest"/>
  <testcase name="updateUserTest" time="0.068" classname="res.cs.dao.UserDAOTest"/>
  <testcase name="voidUserTest" time="0.021" classname="res.cs.dao.UserDAOTest"/>
  <testcase name="getAllUsersTest" time="0.034" classname="res.cs.dao.UserDAOTest"/>
  <testcase name="loginUserTest" time="0.025" classname="res.cs.dao.UserDAOTest"/>
  <testcase name="voidUserTest" time="0.027" classname="res.cs.dao.UserDAOTest"/>
  <testcase name="createUserTest" time="0.025" classname="res.cs.dao.UserDAOTest"/>
  <testcase name="loginUserTest" time="0.026" classname="res.cs.dao.UserDAOTest"/>
</testsuite> <!-- res.cs.dao.UserDAOTest -->
