<?xml version="1.0" encoding="UTF-8"?>
<!-- Generated by org.testng.reporters.JUnitReportReporter -->
<testsuite skipped="0" hostname="DESKTOP-EHNC13A" name="res.cs.dao.StoreDAOTest" tests="15" failures="0" timestamp="20 Jan 2018 04:49:08 GMT" time="0.556" errors="0">
  <testcase name="getStoreTest" time="0.022" classname="res.cs.dao.StoreDAOTest"/>
  <testcase name="deleteStoreTest" time="0.024" classname="res.cs.dao.StoreDAOTest"/>
  <testcase name="updateStoreTest" time="0.063" classname="res.cs.dao.StoreDAOTest"/>
  <testcase name="deleteStoreTest" time="0.044" classname="res.cs.dao.StoreDAOTest"/>
  <testcase name="getStoreTest" time="0.021" classname="res.cs.dao.StoreDAOTest"/>
  <testcase name="updateStoreTest" time="0.043" classname="res.cs.dao.StoreDAOTest"/>
  <testcase name="getAllStoresTest" time="0.048" classname="res.cs.dao.StoreDAOTest"/>
  <testcase name="getAllStoresTest" time="0.024" classname="res.cs.dao.StoreDAOTest"/>
  <testcase name="createUserTest" time="0.023" classname="res.cs.dao.StoreDAOTest"/>
  <testcase name="createUserTest" time="0.027" classname="res.cs.dao.StoreDAOTest"/>
  <testcase name="getStoreTest" time="0.048" classname="res.cs.dao.StoreDAOTest"/>
  <testcase name="getAllStoresTest" time="0.047" classname="res.cs.dao.StoreDAOTest"/>
  <testcase name="getAllStoresTest" time="0.027" classname="res.cs.dao.StoreDAOTest"/>
  <testcase name="createUserTest" time="0.026" classname="res.cs.dao.StoreDAOTest"/>
  <testcase name="updateStoreTest" time="0.069" classname="res.cs.dao.StoreDAOTest"/>
</testsuite> <!-- res.cs.dao.StoreDAOTest -->
