<?xml version="1.0" encoding="UTF-8"?>
<!-- Generated by org.testng.reporters.JUnitReportReporter -->
<testsuite skipped="0" hostname="DESKTOP-EHNC13A" name="res.cs.dao.OrderDAOTest" tests="11" failures="0" timestamp="02 Jan 2018 01:15:50 GMT" time="0.562" errors="0">
  <testcase name="getAllOrdersTest" time="0.025" classname="res.cs.dao.OrderDAOTest"/>
  <testcase name="createOrderTest" time="0.140" classname="res.cs.dao.OrderDAOTest"/>
  <testcase name="createOrderTest" time="0.070" classname="res.cs.dao.OrderDAOTest"/>
  <testcase name="deletOrderTest" time="0.023" classname="res.cs.dao.OrderDAOTest"/>
  <testcase name="getOrdersByUserTest" time="0.027" classname="res.cs.dao.OrderDAOTest"/>
  <testcase name="getAllOrdersTest" time="0.026" classname="res.cs.dao.OrderDAOTest"/>
  <testcase name="getOrdersByUserTest" time="0.051" classname="res.cs.dao.OrderDAOTest"/>
  <testcase name="createOrderTest" time="0.121" classname="res.cs.dao.OrderDAOTest"/>
  <testcase name="deletOrderTest" time="0.025" classname="res.cs.dao.OrderDAOTest"/>
  <testcase name="getOrdersByUserTest" time="0.029" classname="res.cs.dao.OrderDAOTest"/>
  <testcase name="getAllOrdersTest" time="0.025" classname="res.cs.dao.OrderDAOTest"/>
</testsuite> <!-- res.cs.dao.OrderDAOTest -->
