<?xml version="1.0" encoding="UTF-8"?>
<!-- Generated by org.testng.reporters.JUnitReportReporter -->
<testsuite skipped="0" hostname="DESKTOP-EHNC13A" name="res.cs.dao.UserDAOTest" tests="14" failures="0" timestamp="30 Dec 2017 03:15:23 GMT" time="1.289" errors="0">
  <testcase name="voidUserTest" time="0.024" classname="res.cs.dao.UserDAOTest"/>
  <testcase name="createUserTest" time="0.047" classname="res.cs.dao.UserDAOTest"/>
  <testcase name="createUserTest" time="0.653" classname="res.cs.dao.UserDAOTest"/>
  <testcase name="getUserTest" time="0.029" classname="res.cs.dao.UserDAOTest"/>
  <testcase name="createUserTest" time="0.072" classname="res.cs.dao.UserDAOTest"/>
  <testcase name="getUserTest" time="0.058" classname="res.cs.dao.UserDAOTest"/>
  <testcase name="getAllUsersTest" time="0.042" classname="res.cs.dao.UserDAOTest"/>
  <testcase name="voidUserTest" time="0.026" classname="res.cs.dao.UserDAOTest"/>
  <testcase name="getUserTest" time="0.053" classname="res.cs.dao.UserDAOTest"/>
  <testcase name="getAllUsersTest" time="0.028" classname="res.cs.dao.UserDAOTest"/>
  <testcase name="getAllUsersTest" time="0.098" classname="res.cs.dao.UserDAOTest"/>
  <testcase name="getAllUsersTest" time="0.033" classname="res.cs.dao.UserDAOTest"/>
  <testcase name="updateUserTest" time="0.081" classname="res.cs.dao.UserDAOTest"/>
  <testcase name="updateUserTest" time="0.045" classname="res.cs.dao.UserDAOTest"/>
</testsuite> <!-- res.cs.dao.UserDAOTest -->
